This is pdfTeX, Version 3.14159265-2.6-1.40.20 (TeX Live 2019) (preloaded format=pdflatex 2019.10.16)  18 JUL 2021 18:00
entering extended mode
 restricted \write18 enabled.
 file:line:error style messages enabled.
 %&-line parsing enabled.
**/Users/NonBee/Desktop/CW/Post/DT/dissertation/thesis.tex
(/Users/NonBee/Desktop/CW/Post/DT/dissertation/thesis.tex
LaTeX2e <2018-12-01>
(/usr/local/texlive/2019/texmf-dist/tex/latex/base/report.cls
Document Class: report 2018/09/03 v1.4i Standard LaTeX document class
(/usr/local/texlive/2019/texmf-dist/tex/latex/base/size12.clo
File: size12.clo 2018/09/03 v1.4i Standard LaTeX file (size option)
)
\c@part=\count80
\c@chapter=\count81
\c@section=\count82
\c@subsection=\count83
\c@subsubsection=\count84
\c@paragraph=\count85
\c@subparagraph=\count86
\c@figure=\count87
\c@table=\count88
\abovecaptionskip=\skip41
\belowcaptionskip=\skip42
\bibindent=\dimen102
) (/usr/local/texlive/2019/texmf-dist/tex/latex/base/inputenc.sty
Package: inputenc 2018/08/11 v1.3c Input encoding file
\inpenc@prehook=\toks14
\inpenc@posthook=\toks15
) (/usr/local/texlive/2019/texmf-dist/tex/latex/geometry/geometry.sty
Package: geometry 2018/04/16 v5.8 Page Geometry
 (/usr/local/texlive/2019/texmf-dist/tex/latex/graphics/keyval.sty
Package: keyval 2014/10/28 v1.15 key=value parser (DPC)
\KV@toks@=\toks16
) (/usr/local/texlive/2019/texmf-dist/tex/generic/oberdiek/ifpdf.sty
Package: ifpdf 2018/09/07 v3.3 Provides the ifpdf switch
) (/usr/local/texlive/2019/texmf-dist/tex/generic/oberdiek/ifvtex.sty
Package: ifvtex 2016/05/16 v1.6 Detect VTeX and its facilities (HO)
Package ifvtex Info: VTeX not detected.
) (/usr/local/texlive/2019/texmf-dist/tex/generic/ifxetex/ifxetex.sty
Package: ifxetex 2010/09/12 v0.6 Provides ifxetex conditional
)
\Gm@cnth=\count89
\Gm@cntv=\count90
\c@Gm@tempcnt=\count91
\Gm@bindingoffset=\dimen103
\Gm@wd@mp=\dimen104
\Gm@odd@mp=\dimen105
\Gm@even@mp=\dimen106
\Gm@layoutwidth=\dimen107
\Gm@layoutheight=\dimen108
\Gm@layouthoffset=\dimen109
\Gm@layoutvoffset=\dimen110
\Gm@dimlist=\toks17
) (/usr/local/texlive/2019/texmf-dist/tex/latex/fancyhdr/fancyhdr.sty
Package: fancyhdr 2019/01/31 v3.10 Extensive control of page headers and footers
\f@nch@headwidth=\skip43
\f@nch@O@elh=\skip44
\f@nch@O@erh=\skip45
\f@nch@O@olh=\skip46
\f@nch@O@orh=\skip47
\f@nch@O@elf=\skip48
\f@nch@O@erf=\skip49
\f@nch@O@olf=\skip50
\f@nch@O@orf=\skip51
) (/usr/local/texlive/2019/texmf-dist/tex/latex/subfigure/subfigure.sty
Package: subfigure 2002/03/15 v2.1.5 subfigure package
\subfigtopskip=\skip52
\subfigcapskip=\skip53
\subfigcaptopadj=\dimen111
\subfigbottomskip=\skip54
\subfigcapmargin=\dimen112
\subfiglabelskip=\skip55
\c@subfigure=\count92
\c@lofdepth=\count93
\c@subtable=\count94
\c@lotdepth=\count95

****************************************
* Local config file subfigure.cfg used *
****************************************
(/usr/local/texlive/2019/texmf-dist/tex/latex/subfigure/subfigure.cfg)
\subfig@top=\skip56
\subfig@bottom=\skip57
) (/usr/local/texlive/2019/texmf-dist/tex/latex/graphics/graphicx.sty
Package: graphicx 2017/06/01 v1.1a Enhanced LaTeX Graphics (DPC,SPQR)
 (/usr/local/texlive/2019/texmf-dist/tex/latex/graphics/graphics.sty
Package: graphics 2017/06/25 v1.2c Standard LaTeX Graphics (DPC,SPQR)
 (/usr/local/texlive/2019/texmf-dist/tex/latex/graphics/trig.sty
Package: trig 2016/01/03 v1.10 sin cos tan (DPC)
) (/usr/local/texlive/2019/texmf-dist/tex/latex/graphics-cfg/graphics.cfg
File: graphics.cfg 2016/06/04 v1.11 sample graphics configuration
)
Package graphics Info: Driver file: pdftex.def on input line 99.
 (/usr/local/texlive/2019/texmf-dist/tex/latex/graphics-def/pdftex.def
File: pdftex.def 2018/01/08 v1.0l Graphics/color driver for pdftex
))
\Gin@req@height=\dimen113
\Gin@req@width=\dimen114
) (/usr/local/texlive/2019/texmf-dist/tex/latex/cite/cite.sty
LaTeX Info: Redefining \cite on input line 302.
LaTeX Info: Redefining \nocite on input line 332.
Package: cite 2015/02/27  v 5.5
) (/usr/local/texlive/2019/texmf-dist/tex/latex/url/url.sty
\Urlmuskip=\muskip10
Package: url 2013/09/16  ver 3.4  Verb mode for urls, etc.
) (/usr/local/texlive/2019/texmf-dist/tex/latex/sectsty/sectsty.sty
Package: sectsty 2002/02/25 v2.0.2 Commands to change all sectional heading styles
)
\@input{thesis.preamble.aux}
\openout2 = `thesis.preamble.aux'.

(/Users/NonBee/Desktop/CW/Post/DT/dissertation/thesis.preamble.tex (/usr/local/texlive/2019/texmf-dist/tex/latex/tools/verbatim.sty
Package: verbatim 2014/10/28 v1.5q LaTeX2e package for verbatim enhancements
\every@verbatim=\toks18
\verbatim@line=\toks19
\verbatim@in@stream=\read1
) (/usr/local/texlive/2019/texmf-dist/tex/latex/base/latexsym.sty
Package: latexsym 1998/08/17 v2.2e Standard LaTeX package (lasy symbols)
\symlasy=\mathgroup4
LaTeX Font Info:    Overwriting symbol font `lasy' in version `bold'
(Font)                  U/lasy/m/n --> U/lasy/b/n on input line 52.
) (/Users/NonBee/Desktop/CW/Post/DT/dissertation/mathchars.sty) (/usr/local/texlive/2019/texmf-dist/tex/latex/setspace/setspace.sty
Package: setspace 2011/12/19 v6.7a set line spacing
) (/usr/local/texlive/2019/texmf-dist/tex/latex/appendix/appendix.sty
Package: appendix 2009/09/02 v1.2b extra appendix facilities
\c@@pps=\count96
\c@@ppsavesec=\count97
\c@@ppsaveapp=\count98
) (/Users/NonBee/Desktop/CW/Post/DT/dissertation/blocked.sty) (/Users/NonBee/Desktop/CW/Post/DT/dissertation/uhead.sty) (/Users/NonBee/Desktop/CW/Post/DT/dissertation/boxit.sty) (/Users/NonBee/Desktop/CW/Post/DT/dissertation/thesis.sty)
\c@definition=\count99
\c@theorem=\count100
) (/usr/local/texlive/2019/texmf-dist/tex/latex/algorithms/algorithmic.sty
Package: algorithmic 2009/08/24 v0.1 Document Style `algorithmic'
 (/usr/local/texlive/2019/texmf-dist/tex/latex/base/ifthen.sty
Package: ifthen 2014/09/29 v1.1c Standard LaTeX ifthen package (DPC)
)
\c@ALC@unique=\count101
\c@ALC@line=\count102
\c@ALC@rem=\count103
\c@ALC@depth=\count104
\ALC@tlm=\skip58
\algorithmicindent=\skip59
) (/usr/local/texlive/2019/texmf-dist/tex/latex/amsmath/amstext.sty
Package: amstext 2000/06/29 v2.01 AMS text
 (/usr/local/texlive/2019/texmf-dist/tex/latex/amsmath/amsgen.sty
File: amsgen.sty 1999/11/30 v2.0 generic functions
\@emptytoks=\toks20
\ex@=\dimen115
)) (/usr/local/texlive/2019/texmf-dist/tex/latex/pgf/frontendlayer/tikz.sty (/usr/local/texlive/2019/texmf-dist/tex/latex/pgf/basiclayer/pgf.sty (/usr/local/texlive/2019/texmf-dist/tex/latex/pgf/utilities/pgfrcs.sty (/usr/local/texlive/2019/texmf-dist/tex/generic/pgf/utilities/pgfutil-common.tex
\pgfutil@everybye=\toks21
\pgfutil@tempdima=\dimen116
\pgfutil@tempdimb=\dimen117
 (/usr/local/texlive/2019/texmf-dist/tex/generic/pgf/utilities/pgfutil-common-lists.tex)) (/usr/local/texlive/2019/texmf-dist/tex/generic/pgf/utilities/pgfutil-latex.def
\pgfutil@abb=\box27
 (/usr/local/texlive/2019/texmf-dist/tex/latex/ms/everyshi.sty
Package: everyshi 2001/05/15 v3.00 EveryShipout Package (MS)
)) (/usr/local/texlive/2019/texmf-dist/tex/generic/pgf/utilities/pgfrcs.code.tex (/usr/local/texlive/2019/texmf-dist/tex/generic/pgf/pgf.revision.tex)
Package: pgfrcs 2019/04/04 v3.1.2 (3.1.2)
))
Package: pgf 2019/04/04 v3.1.2 (3.1.2)
 (/usr/local/texlive/2019/texmf-dist/tex/latex/pgf/basiclayer/pgfcore.sty (/usr/local/texlive/2019/texmf-dist/tex/latex/pgf/systemlayer/pgfsys.sty (/usr/local/texlive/2019/texmf-dist/tex/generic/pgf/systemlayer/pgfsys.code.tex
Package: pgfsys 2019/04/04 v3.1.2 (3.1.2)
 (/usr/local/texlive/2019/texmf-dist/tex/generic/pgf/utilities/pgfkeys.code.tex
\pgfkeys@pathtoks=\toks22
\pgfkeys@temptoks=\toks23
 (/usr/local/texlive/2019/texmf-dist/tex/generic/pgf/utilities/pgfkeysfiltered.code.tex
\pgfkeys@tmptoks=\toks24
))
\pgf@x=\dimen118
\pgf@y=\dimen119
\pgf@xa=\dimen120
\pgf@ya=\dimen121
\pgf@xb=\dimen122
\pgf@yb=\dimen123
\pgf@xc=\dimen124
\pgf@yc=\dimen125
\w@pgf@writea=\write3
\r@pgf@reada=\read2
\c@pgf@counta=\count105
\c@pgf@countb=\count106
\c@pgf@countc=\count107
\c@pgf@countd=\count108
\t@pgf@toka=\toks25
\t@pgf@tokb=\toks26
\t@pgf@tokc=\toks27
\pgf@sys@id@count=\count109
 (/usr/local/texlive/2019/texmf-dist/tex/generic/pgf/systemlayer/pgf.cfg
File: pgf.cfg 2019/04/04 v3.1.2 (3.1.2)
)
Driver file for pgf: pgfsys-pdftex.def
 (/usr/local/texlive/2019/texmf-dist/tex/generic/pgf/systemlayer/pgfsys-pdftex.def
File: pgfsys-pdftex.def 2019/04/04 v3.1.2 (3.1.2)
 (/usr/local/texlive/2019/texmf-dist/tex/generic/pgf/systemlayer/pgfsys-common-pdf.def
File: pgfsys-common-pdf.def 2019/04/04 v3.1.2 (3.1.2)
))) (/usr/local/texlive/2019/texmf-dist/tex/generic/pgf/systemlayer/pgfsyssoftpath.code.tex
File: pgfsyssoftpath.code.tex 2019/04/04 v3.1.2 (3.1.2)
\pgfsyssoftpath@smallbuffer@items=\count110
\pgfsyssoftpath@bigbuffer@items=\count111
) (/usr/local/texlive/2019/texmf-dist/tex/generic/pgf/systemlayer/pgfsysprotocol.code.tex
File: pgfsysprotocol.code.tex 2019/04/04 v3.1.2 (3.1.2)
)) (/usr/local/texlive/2019/texmf-dist/tex/latex/xcolor/xcolor.sty
Package: xcolor 2016/05/11 v2.12 LaTeX color extensions (UK)
 (/usr/local/texlive/2019/texmf-dist/tex/latex/graphics-cfg/color.cfg
File: color.cfg 2016/01/02 v1.6 sample color configuration
)
Package xcolor Info: Driver file: pdftex.def on input line 225.
Package xcolor Info: Model `cmy' substituted by `cmy0' on input line 1348.
Package xcolor Info: Model `hsb' substituted by `rgb' on input line 1352.
Package xcolor Info: Model `RGB' extended on input line 1364.
Package xcolor Info: Model `HTML' substituted by `rgb' on input line 1366.
Package xcolor Info: Model `Hsb' substituted by `hsb' on input line 1367.
Package xcolor Info: Model `tHsb' substituted by `hsb' on input line 1368.
Package xcolor Info: Model `HSB' substituted by `hsb' on input line 1369.
Package xcolor Info: Model `Gray' substituted by `gray' on input line 1370.
Package xcolor Info: Model `wave' substituted by `hsb' on input line 1371.
) (/usr/local/texlive/2019/texmf-dist/tex/generic/pgf/basiclayer/pgfcore.code.tex
Package: pgfcore 2019/04/04 v3.1.2 (3.1.2)
 (/usr/local/texlive/2019/texmf-dist/tex/generic/pgf/math/pgfmath.code.tex (/usr/local/texlive/2019/texmf-dist/tex/generic/pgf/math/pgfmathcalc.code.tex (/usr/local/texlive/2019/texmf-dist/tex/generic/pgf/math/pgfmathutil.code.tex) (/usr/local/texlive/2019/texmf-dist/tex/generic/pgf/math/pgfmathparser.code.tex
\pgfmath@dimen=\dimen126
\pgfmath@count=\count112
\pgfmath@box=\box28
\pgfmath@toks=\toks28
\pgfmath@stack@operand=\toks29
\pgfmath@stack@operation=\toks30
) (/usr/local/texlive/2019/texmf-dist/tex/generic/pgf/math/pgfmathfunctions.code.tex (/usr/local/texlive/2019/texmf-dist/tex/generic/pgf/math/pgfmathfunctions.basic.code.tex) (/usr/local/texlive/2019/texmf-dist/tex/generic/pgf/math/pgfmathfunctions.trigonometric.code.tex) (/usr/local/texlive/2019/texmf-dist/tex/generic/pgf/math/pgfmathfunctions.random.code.tex) (/usr/local/texlive/2019/texmf-dist/tex/generic/pgf/math/pgfmathfunctions.comparison.code.tex) (/usr/local/texlive/2019/texmf-dist/tex/generic/pgf/math/pgfmathfunctions.base.code.tex) (/usr/local/texlive/2019/texmf-dist/tex/generic/pgf/math/pgfmathfunctions.round.code.tex) (/usr/local/texlive/2019/texmf-dist/tex/generic/pgf/math/pgfmathfunctions.misc.code.tex) (/usr/local/texlive/2019/texmf-dist/tex/generic/pgf/math/pgfmathfunctions.integerarithmetics.code.tex))) (/usr/local/texlive/2019/texmf-dist/tex/generic/pgf/math/pgfmathfloat.code.tex
\c@pgfmathroundto@lastzeros=\count113
)) (/usr/local/texlive/2019/texmf-dist/tex/generic/pgf/basiclayer/pgfcorepoints.code.tex
File: pgfcorepoints.code.tex 2019/04/04 v3.1.2 (3.1.2)
\pgf@picminx=\dimen127
\pgf@picmaxx=\dimen128
\pgf@picminy=\dimen129
\pgf@picmaxy=\dimen130
\pgf@pathminx=\dimen131
\pgf@pathmaxx=\dimen132
\pgf@pathminy=\dimen133
\pgf@pathmaxy=\dimen134
\pgf@xx=\dimen135
\pgf@xy=\dimen136
\pgf@yx=\dimen137
\pgf@yy=\dimen138
\pgf@zx=\dimen139
\pgf@zy=\dimen140
) (/usr/local/texlive/2019/texmf-dist/tex/generic/pgf/basiclayer/pgfcorepathconstruct.code.tex
File: pgfcorepathconstruct.code.tex 2019/04/04 v3.1.2 (3.1.2)
\pgf@path@lastx=\dimen141
\pgf@path@lasty=\dimen142
) (/usr/local/texlive/2019/texmf-dist/tex/generic/pgf/basiclayer/pgfcorepathusage.code.tex
File: pgfcorepathusage.code.tex 2019/04/04 v3.1.2 (3.1.2)
\pgf@shorten@end@additional=\dimen143
\pgf@shorten@start@additional=\dimen144
) (/usr/local/texlive/2019/texmf-dist/tex/generic/pgf/basiclayer/pgfcorescopes.code.tex
File: pgfcorescopes.code.tex 2019/04/04 v3.1.2 (3.1.2)
\pgfpic=\box29
\pgf@hbox=\box30
\pgf@layerbox@main=\box31
\pgf@picture@serial@count=\count114
) (/usr/local/texlive/2019/texmf-dist/tex/generic/pgf/basiclayer/pgfcoregraphicstate.code.tex
File: pgfcoregraphicstate.code.tex 2019/04/04 v3.1.2 (3.1.2)
\pgflinewidth=\dimen145
) (/usr/local/texlive/2019/texmf-dist/tex/generic/pgf/basiclayer/pgfcoretransformations.code.tex
File: pgfcoretransformations.code.tex 2019/04/04 v3.1.2 (3.1.2)
\pgf@pt@x=\dimen146
\pgf@pt@y=\dimen147
\pgf@pt@temp=\dimen148
) (/usr/local/texlive/2019/texmf-dist/tex/generic/pgf/basiclayer/pgfcorequick.code.tex
File: pgfcorequick.code.tex 2019/04/04 v3.1.2 (3.1.2)
) (/usr/local/texlive/2019/texmf-dist/tex/generic/pgf/basiclayer/pgfcoreobjects.code.tex
File: pgfcoreobjects.code.tex 2019/04/04 v3.1.2 (3.1.2)
) (/usr/local/texlive/2019/texmf-dist/tex/generic/pgf/basiclayer/pgfcorepathprocessing.code.tex
File: pgfcorepathprocessing.code.tex 2019/04/04 v3.1.2 (3.1.2)
) (/usr/local/texlive/2019/texmf-dist/tex/generic/pgf/basiclayer/pgfcorearrows.code.tex
File: pgfcorearrows.code.tex 2019/04/04 v3.1.2 (3.1.2)
\pgfarrowsep=\dimen149
) (/usr/local/texlive/2019/texmf-dist/tex/generic/pgf/basiclayer/pgfcoreshade.code.tex
File: pgfcoreshade.code.tex 2019/04/04 v3.1.2 (3.1.2)
\pgf@max=\dimen150
\pgf@sys@shading@range@num=\count115
\pgf@shadingcount=\count116
) (/usr/local/texlive/2019/texmf-dist/tex/generic/pgf/basiclayer/pgfcoreimage.code.tex
File: pgfcoreimage.code.tex 2019/04/04 v3.1.2 (3.1.2)
 (/usr/local/texlive/2019/texmf-dist/tex/generic/pgf/basiclayer/pgfcoreexternal.code.tex
File: pgfcoreexternal.code.tex 2019/04/04 v3.1.2 (3.1.2)
\pgfexternal@startupbox=\box32
)) (/usr/local/texlive/2019/texmf-dist/tex/generic/pgf/basiclayer/pgfcorelayers.code.tex
File: pgfcorelayers.code.tex 2019/04/04 v3.1.2 (3.1.2)
) (/usr/local/texlive/2019/texmf-dist/tex/generic/pgf/basiclayer/pgfcoretransparency.code.tex
File: pgfcoretransparency.code.tex 2019/04/04 v3.1.2 (3.1.2)
) (/usr/local/texlive/2019/texmf-dist/tex/generic/pgf/basiclayer/pgfcorepatterns.code.tex
File: pgfcorepatterns.code.tex 2019/04/04 v3.1.2 (3.1.2)
) (/usr/local/texlive/2019/texmf-dist/tex/generic/pgf/basiclayer/pgfcorerdf.code.tex
File: pgfcorerdf.code.tex 2019/04/04 v3.1.2 (3.1.2)
))) (/usr/local/texlive/2019/texmf-dist/tex/generic/pgf/modules/pgfmoduleshapes.code.tex
File: pgfmoduleshapes.code.tex 2019/04/04 v3.1.2 (3.1.2)
\pgfnodeparttextbox=\box33
) (/usr/local/texlive/2019/texmf-dist/tex/generic/pgf/modules/pgfmoduleplot.code.tex
File: pgfmoduleplot.code.tex 2019/04/04 v3.1.2 (3.1.2)
) (/usr/local/texlive/2019/texmf-dist/tex/latex/pgf/compatibility/pgfcomp-version-0-65.sty
Package: pgfcomp-version-0-65 2019/04/04 v3.1.2 (3.1.2)
\pgf@nodesepstart=\dimen151
\pgf@nodesepend=\dimen152
) (/usr/local/texlive/2019/texmf-dist/tex/latex/pgf/compatibility/pgfcomp-version-1-18.sty
Package: pgfcomp-version-1-18 2019/04/04 v3.1.2 (3.1.2)
)) (/usr/local/texlive/2019/texmf-dist/tex/latex/pgf/utilities/pgffor.sty (/usr/local/texlive/2019/texmf-dist/tex/latex/pgf/utilities/pgfkeys.sty (/usr/local/texlive/2019/texmf-dist/tex/generic/pgf/utilities/pgfkeys.code.tex)) (/usr/local/texlive/2019/texmf-dist/tex/latex/pgf/math/pgfmath.sty (/usr/local/texlive/2019/texmf-dist/tex/generic/pgf/math/pgfmath.code.tex)) (/usr/local/texlive/2019/texmf-dist/tex/generic/pgf/utilities/pgffor.code.tex
Package: pgffor 2019/04/04 v3.1.2 (3.1.2)
 (/usr/local/texlive/2019/texmf-dist/tex/generic/pgf/math/pgfmath.code.tex)
\pgffor@iter=\dimen153
\pgffor@skip=\dimen154
\pgffor@stack=\toks31
\pgffor@toks=\toks32
)) (/usr/local/texlive/2019/texmf-dist/tex/generic/pgf/frontendlayer/tikz/tikz.code.tex
Package: tikz 2019/04/04 v3.1.2 (3.1.2)
 (/usr/local/texlive/2019/texmf-dist/tex/generic/pgf/libraries/pgflibraryplothandlers.code.tex
File: pgflibraryplothandlers.code.tex 2019/04/04 v3.1.2 (3.1.2)
\pgf@plot@mark@count=\count117
\pgfplotmarksize=\dimen155
)
\tikz@lastx=\dimen156
\tikz@lasty=\dimen157
\tikz@lastxsaved=\dimen158
\tikz@lastysaved=\dimen159
\tikzleveldistance=\dimen160
\tikzsiblingdistance=\dimen161
\tikz@figbox=\box34
\tikz@figbox@bg=\box35
\tikz@tempbox=\box36
\tikz@tempbox@bg=\box37
\tikztreelevel=\count118
\tikznumberofchildren=\count119
\tikznumberofcurrentchild=\count120
\tikz@fig@count=\count121
 (/usr/local/texlive/2019/texmf-dist/tex/generic/pgf/modules/pgfmodulematrix.code.tex
File: pgfmodulematrix.code.tex 2019/04/04 v3.1.2 (3.1.2)
\pgfmatrixcurrentrow=\count122
\pgfmatrixcurrentcolumn=\count123
\pgf@matrix@numberofcolumns=\count124
)
\tikz@expandcount=\count125
 (/usr/local/texlive/2019/texmf-dist/tex/generic/pgf/frontendlayer/tikz/libraries/tikzlibrarytopaths.code.tex
File: tikzlibrarytopaths.code.tex 2019/04/04 v3.1.2 (3.1.2)
))) (/usr/local/texlive/2019/texmf-dist/tex/latex/amsmath/amsmath.sty
Package: amsmath 2018/12/01 v2.17b AMS math features
\@mathmargin=\skip60

For additional information on amsmath, use the `?' option.
(/usr/local/texlive/2019/texmf-dist/tex/latex/amsmath/amsbsy.sty
Package: amsbsy 1999/11/29 v1.2d Bold Symbols
\pmbraise@=\dimen162
) (/usr/local/texlive/2019/texmf-dist/tex/latex/amsmath/amsopn.sty
Package: amsopn 2016/03/08 v2.02 operator names
)
\inf@bad=\count126
LaTeX Info: Redefining \frac on input line 223.
\uproot@=\count127
\leftroot@=\count128
LaTeX Info: Redefining \overline on input line 385.
\classnum@=\count129
\DOTSCASE@=\count130
LaTeX Info: Redefining \ldots on input line 482.
LaTeX Info: Redefining \dots on input line 485.
LaTeX Info: Redefining \cdots on input line 606.
\Mathstrutbox@=\box38
\strutbox@=\box39
\big@size=\dimen163
LaTeX Font Info:    Redeclaring font encoding OML on input line 729.
LaTeX Font Info:    Redeclaring font encoding OMS on input line 730.
\macc@depth=\count131
\c@MaxMatrixCols=\count132
\dotsspace@=\muskip11
\c@parentequation=\count133
\dspbrk@lvl=\count134
\tag@help=\toks33
\row@=\count135
\column@=\count136
\maxfields@=\count137
\andhelp@=\toks34
\eqnshift@=\dimen164
\alignsep@=\dimen165
\tagshift@=\dimen166
\tagwidth@=\dimen167
\totwidth@=\dimen168
\lineht@=\dimen169
\@envbody=\toks35
\multlinegap=\skip61
\multlinetaggap=\skip62
\mathdisplay@stack=\toks36
LaTeX Info: Redefining \[ on input line 2844.
LaTeX Info: Redefining \] on input line 2845.
) (/usr/local/texlive/2019/texmf-dist/tex/latex/amsfonts/amsfonts.sty
Package: amsfonts 2013/01/14 v3.01 Basic AMSFonts support
\symAMSa=\mathgroup5
\symAMSb=\mathgroup6
LaTeX Font Info:    Overwriting math alphabet `\mathfrak' in version `bold'
(Font)                  U/euf/m/n --> U/euf/b/n on input line 106.
) (/usr/local/texlive/2019/texmf-dist/tex/latex/amsfonts/amssymb.sty
Package: amssymb 2013/01/14 v3.01 AMS font symbols
) (/usr/local/texlive/2019/texmf-dist/tex/latex/algorithm2e/algorithm2e.sty
Package: algorithm2e 2017/07/18 v5.2 algorithms environments
\c@AlgoLine=\count138
\algocf@hangindent=\skip63
 (/usr/local/texlive/2019/texmf-dist/tex/latex/ifoddpage/ifoddpage.sty
Package: ifoddpage 2016/04/23 v1.1 Conditionals for odd/even page detection
\c@checkoddpage=\count139
) (/usr/local/texlive/2019/texmf-dist/tex/latex/tools/xspace.sty
Package: xspace 2014/10/28 v1.13 Space after command names (DPC,MH)
) (/usr/local/texlive/2019/texmf-dist/tex/latex/relsize/relsize.sty
Package: relsize 2013/03/29 ver 4.1
)
\skiptotal=\skip64
\skiplinenumber=\skip65
\skiprule=\skip66
\skiphlne=\skip67
\skiptext=\skip68
\skiplength=\skip69
\algomargin=\skip70
\skipalgocfslide=\skip71
\algowidth=\dimen170
\inoutsize=\dimen171
\inoutindent=\dimen172
\interspacetitleruled=\dimen173
\interspacealgoruled=\dimen174
\interspacetitleboxruled=\dimen175
\algocf@ruledwidth=\skip72
\algocf@inoutbox=\box40
\algocf@inputbox=\box41
\AlCapSkip=\skip73
\AlCapHSkip=\skip74
\algoskipindent=\skip75
\algocf@nlbox=\box42
\algocf@hangingbox=\box43
\algocf@untilbox=\box44
\algocf@skipuntil=\skip76
\algocf@capbox=\box45
\algocf@lcaptionbox=\skip77
\algoheightruledefault=\skip78
\algoheightrule=\skip79
\algotitleheightruledefault=\skip80
\algotitleheightrule=\skip81
\c@algocfline=\count140
\c@algocfproc=\count141
\c@algocf=\count142
\algocf@algoframe=\box46
\algocf@algobox=\box47
) (/usr/local/texlive/2019/texmf-dist/tex/generic/pgf/frontendlayer/tikz/libraries/tikzlibraryarrows.code.tex
File: tikzlibraryarrows.code.tex 2019/04/04 v3.1.2 (3.1.2)
 (/usr/local/texlive/2019/texmf-dist/tex/generic/pgf/libraries/pgflibraryarrows.code.tex
File: pgflibraryarrows.code.tex 2019/04/04 v3.1.2 (3.1.2)
\arrowsize=\dimen176
)) (/usr/local/texlive/2019/texmf-dist/tex/generic/pgf/frontendlayer/tikz/libraries/tikzlibrarydecorations.pathmorphing.code.tex (/usr/local/texlive/2019/texmf-dist/tex/generic/pgf/frontendlayer/tikz/libraries/tikzlibrarydecorations.code.tex (/usr/local/texlive/2019/texmf-dist/tex/generic/pgf/modules/pgfmoduledecorations.code.tex
\pgfdecoratedcompleteddistance=\dimen177
\pgfdecoratedremainingdistance=\dimen178
\pgfdecoratedinputsegmentcompleteddistance=\dimen179
\pgfdecoratedinputsegmentremainingdistance=\dimen180
\pgf@decorate@distancetomove=\dimen181
\pgf@decorate@repeatstate=\count143
\pgfdecorationsegmentamplitude=\dimen182
\pgfdecorationsegmentlength=\dimen183
)
\tikz@lib@dec@box=\box48
) (/usr/local/texlive/2019/texmf-dist/tex/generic/pgf/libraries/decorations/pgflibrarydecorations.pathmorphing.code.tex)) (/usr/local/texlive/2019/texmf-dist/tex/generic/pgf/frontendlayer/tikz/libraries/tikzlibraryfit.code.tex
File: tikzlibraryfit.code.tex 2019/04/04 v3.1.2 (3.1.2)
) (/usr/local/texlive/2019/texmf-dist/tex/generic/pgf/frontendlayer/tikz/libraries/tikzlibrarypositioning.code.tex
File: tikzlibrarypositioning.code.tex 2019/04/04 v3.1.2 (3.1.2)
) (/usr/local/texlive/2019/texmf-dist/tex/latex/titlesec/titlesec.sty
Package: titlesec 2016/03/21 v2.10.2 Sectioning titles
\ttl@box=\box49
\beforetitleunit=\skip82
\aftertitleunit=\skip83
\ttl@plus=\dimen184
\ttl@minus=\dimen185
\ttl@toksa=\toks37
\titlewidth=\dimen186
\titlewidthlast=\dimen187
\titlewidthfirst=\dimen188
) (/usr/local/texlive/2019/texmf-dist/tex/latex/hyperref/hyperref.sty
Package: hyperref 2018/11/30 v6.88e Hypertext links for LaTeX
 (/usr/local/texlive/2019/texmf-dist/tex/generic/oberdiek/hobsub-hyperref.sty
Package: hobsub-hyperref 2016/05/16 v1.14 Bundle oberdiek, subset hyperref (HO)
 (/usr/local/texlive/2019/texmf-dist/tex/generic/oberdiek/hobsub-generic.sty
Package: hobsub-generic 2016/05/16 v1.14 Bundle oberdiek, subset generic (HO)
Package: hobsub 2016/05/16 v1.14 Construct package bundles (HO)
Package: infwarerr 2016/05/16 v1.4 Providing info/warning/error messages (HO)
Package: ltxcmds 2016/05/16 v1.23 LaTeX kernel commands for general use (HO)
Package: ifluatex 2016/05/16 v1.4 Provides the ifluatex switch (HO)
Package ifluatex Info: LuaTeX not detected.
Package hobsub Info: Skipping package `ifvtex' (already loaded).
Package: intcalc 2016/05/16 v1.2 Expandable calculations with integers (HO)
Package hobsub Info: Skipping package `ifpdf' (already loaded).
Package: etexcmds 2016/05/16 v1.6 Avoid name clashes with e-TeX commands (HO)
Package: kvsetkeys 2016/05/16 v1.17 Key value parser (HO)
Package: kvdefinekeys 2016/05/16 v1.4 Define keys (HO)
Package: pdftexcmds 2018/09/10 v0.29 Utility functions of pdfTeX for LuaTeX (HO)
Package pdftexcmds Info: LuaTeX not detected.
Package pdftexcmds Info: \pdf@primitive is available.
Package pdftexcmds Info: \pdf@ifprimitive is available.
Package pdftexcmds Info: \pdfdraftmode found.
Package: pdfescape 2016/05/16 v1.14 Implements pdfTeX's escape features (HO)
Package: bigintcalc 2016/05/16 v1.4 Expandable calculations on big integers (HO)
Package: bitset 2016/05/16 v1.2 Handle bit-vector datatype (HO)
Package: uniquecounter 2016/05/16 v1.3 Provide unlimited unique counter (HO)
)
Package hobsub Info: Skipping package `hobsub' (already loaded).
Package: letltxmacro 2016/05/16 v1.5 Let assignment for LaTeX macros (HO)
Package: hopatch 2016/05/16 v1.3 Wrapper for package hooks (HO)
Package: xcolor-patch 2016/05/16 xcolor patch
Package: atveryend 2016/05/16 v1.9 Hooks at the very end of document (HO)
Package atveryend Info: \enddocument detected (standard20110627).
Package: atbegshi 2016/06/09 v1.18 At begin shipout hook (HO)
Package: refcount 2016/05/16 v3.5 Data extraction from label references (HO)
Package: hycolor 2016/05/16 v1.8 Color options for hyperref/bookmark (HO)
) (/usr/local/texlive/2019/texmf-dist/tex/latex/oberdiek/auxhook.sty
Package: auxhook 2016/05/16 v1.4 Hooks for auxiliary files (HO)
) (/usr/local/texlive/2019/texmf-dist/tex/latex/oberdiek/kvoptions.sty
Package: kvoptions 2016/05/16 v3.12 Key value format for package options (HO)
)
\@linkdim=\dimen189
\Hy@linkcounter=\count144
\Hy@pagecounter=\count145
 (/usr/local/texlive/2019/texmf-dist/tex/latex/hyperref/pd1enc.def
File: pd1enc.def 2018/11/30 v6.88e Hyperref: PDFDocEncoding definition (HO)
Now handling font encoding PD1 ...
... no UTF-8 mapping file for font encoding PD1
)
\Hy@SavedSpaceFactor=\count146
 (/usr/local/texlive/2019/texmf-dist/tex/latex/latexconfig/hyperref.cfg
File: hyperref.cfg 2002/06/06 v1.2 hyperref configuration of TeXLive
)
Package hyperref Info: Hyper figures OFF on input line 4519.
Package hyperref Info: Link nesting OFF on input line 4524.
Package hyperref Info: Hyper index ON on input line 4527.
Package hyperref Info: Plain pages OFF on input line 4534.
Package hyperref Info: Backreferencing OFF on input line 4539.
Package hyperref Info: Implicit mode ON; LaTeX internals redefined.
Package hyperref Info: Bookmarks ON on input line 4772.
\c@Hy@tempcnt=\count147
LaTeX Info: Redefining \url on input line 5125.
\XeTeXLinkMargin=\dimen190
\Fld@menulength=\count148
\Field@Width=\dimen191
\Fld@charsize=\dimen192
Package hyperref Info: Hyper figures OFF on input line 6380.
Package hyperref Info: Link nesting OFF on input line 6385.
Package hyperref Info: Hyper index ON on input line 6388.
Package hyperref Info: backreferencing OFF on input line 6395.
Package hyperref Info: Link coloring OFF on input line 6400.
Package hyperref Info: Link coloring with OCG OFF on input line 6405.
Package hyperref Info: PDF/A mode OFF on input line 6410.
LaTeX Info: Redefining \ref on input line 6450.
LaTeX Info: Redefining \pageref on input line 6454.
\Hy@abspage=\count149
\c@Item=\count150
\c@Hfootnote=\count151
)
Package hyperref Info: Driver (autodetected): hpdftex.
 (/usr/local/texlive/2019/texmf-dist/tex/latex/hyperref/hpdftex.def
File: hpdftex.def 2018/11/30 v6.88e Hyperref driver for pdfTeX
\Fld@listcount=\count152
\c@bookmark@seq@number=\count153
 (/usr/local/texlive/2019/texmf-dist/tex/latex/oberdiek/rerunfilecheck.sty
Package: rerunfilecheck 2016/05/16 v1.8 Rerun checks for auxiliary files (HO)
Package uniquecounter Info: New unique counter `rerunfilecheck' on input line 282.
)
\Hy@SectionHShift=\skip84
)
Package hyperref Info: Option `colorlinks' set `true' on input line 30.
 (/usr/local/texlive/2019/texmf-dist/tex/latex/glossaries/base/glossaries.sty
Package: glossaries 2019/01/06 v4.42 (NLCT)
 (/usr/local/texlive/2019/texmf-dist/tex/latex/xkeyval/xkeyval.sty
Package: xkeyval 2014/12/03 v2.7a package option processing (HA)
 (/usr/local/texlive/2019/texmf-dist/tex/generic/xkeyval/xkeyval.tex (/usr/local/texlive/2019/texmf-dist/tex/generic/xkeyval/xkvutils.tex
\XKV@toks=\toks38
\XKV@tempa@toks=\toks39
)
\XKV@depth=\count154
File: xkeyval.tex 2014/12/03 v2.7a key=value parser (HA)
)) (/usr/local/texlive/2019/texmf-dist/tex/latex/mfirstuc/mfirstuc.sty
Package: mfirstuc 2017/11/14 v2.06 (NLCT)
 (/usr/local/texlive/2019/texmf-dist/tex/latex/etoolbox/etoolbox.sty
Package: etoolbox 2018/08/19 v2.5f e-TeX tools for LaTeX (JAW)
\etb@tempcnta=\count155
)
\@glsmfirst=\toks40
\@glsmrest=\toks41
) (/usr/local/texlive/2019/texmf-dist/tex/latex/textcase/textcase.sty
Package: textcase 2004/10/07 v0.07 Text only upper/lower case changing (DPC)
) (/usr/local/texlive/2019/texmf-dist/tex/latex/xfor/xfor.sty
Package: xfor 2009/02/05 v1.05 (NLCT)
) (/usr/local/texlive/2019/texmf-dist/tex/latex/datatool/datatool-base.sty
Package: datatool-base 2018/12/07 v2.31 (NLCT)
 (/usr/local/texlive/2019/texmf-dist/tex/latex/substr/substr.sty
Package: substr 2009/10/20 v1.2 Handle substrings
\c@su@anzahl=\count156
) (/usr/local/texlive/2019/texmf-dist/tex/latex/datatool/datatool-fp.sty
Package: datatool-fp 2018/12/07 v2.31 (NLCT)
 (/usr/local/texlive/2019/texmf-dist/tex/latex/fp/fp.sty
Package: fp 1995/04/02
 `Fixed Point Package', Version 0.8, April 2, 1995 (C) Michael Mehlich (/usr/local/texlive/2019/texmf-dist/tex/latex/fp/defpattern.sty
Package: defpattern 1994/10/12
\actioncount=\count157
) (/usr/local/texlive/2019/texmf-dist/tex/latex/fp/fp-basic.sty
Package: fp-basic 1996/05/13
\FP@xs=\count158
\FP@xia=\count159
\FP@xib=\count160
\FP@xfa=\count161
\FP@xfb=\count162
\FP@rega=\count163
\FP@regb=\count164
\FP@regs=\count165
\FP@times=\count166
) (/usr/local/texlive/2019/texmf-dist/tex/latex/fp/fp-addons.sty
Package: fp-addons 1995/03/15
) (/usr/local/texlive/2019/texmf-dist/tex/latex/fp/fp-snap.sty
Package: fp-snap 1995/04/05
) (/usr/local/texlive/2019/texmf-dist/tex/latex/fp/fp-exp.sty
Package: fp-exp 1995/04/03
) (/usr/local/texlive/2019/texmf-dist/tex/latex/fp/fp-trigo.sty
Package: fp-trigo 1995/04/14
) (/usr/local/texlive/2019/texmf-dist/tex/latex/fp/fp-pas.sty
Package: fp-pas 1994/08/29
) (/usr/local/texlive/2019/texmf-dist/tex/latex/fp/fp-random.sty
Package: fp-random 1995/02/23
\FPseed=\count167
) (/usr/local/texlive/2019/texmf-dist/tex/latex/fp/fp-eqn.sty
Package: fp-eqn 1995/04/03
) (/usr/local/texlive/2019/texmf-dist/tex/latex/fp/fp-upn.sty
Package: fp-upn 1996/10/21
) (/usr/local/texlive/2019/texmf-dist/tex/latex/fp/fp-eval.sty
Package: fp-eval 1995/04/03
)))
\@dtl@toks=\toks42
\@dtl@tmpcount=\count168
\dtl@tmplength=\skip85
\dtl@sortresult=\count169
\@dtl@numgrpsepcount=\count170
\@dtl@datatype=\count171
\dtl@codeA=\count172
\dtl@codeB=\count173
\@dtl@foreach@level=\count174
) (/usr/local/texlive/2019/texmf-dist/tex/latex/glossaries/base/glossaries-compatible-307.sty
Package: glossaries-compatible-307 2019/01/06 v4.42 (NLCT)
)
\gls@level=\count175
\@gls@tmpb=\toks43
\gls@tmplen=\skip86
\glskeylisttok=\toks44
\glslabeltok=\toks45
\glsshorttok=\toks46
\glslongtok=\toks47
 (/usr/local/texlive/2019/texmf-dist/tex/latex/glossaries/styles/glossary-hypernav.sty
Package: glossary-hypernav 2019/01/06 v4.42 (NLCT)
) (/usr/local/texlive/2019/texmf-dist/tex/latex/glossaries/styles/glossary-list.sty
Package: glossary-list 2019/01/06 v4.42 (NLCT)
\glslistdottedwidth=\skip87
) (/usr/local/texlive/2019/texmf-dist/tex/latex/glossaries/styles/glossary-long.sty
Package: glossary-long 2019/01/06 v4.42 (NLCT)
 (/usr/local/texlive/2019/texmf-dist/tex/latex/tools/longtable.sty
Package: longtable 2014/10/28 v4.11 Multi-page Table package (DPC)+ FMi change
\LTleft=\skip88
\LTright=\skip89
\LTpre=\skip90
\LTpost=\skip91
\LTchunksize=\count176
\LTcapwidth=\dimen193
\LT@head=\box50
\LT@firsthead=\box51
\LT@foot=\box52
\LT@lastfoot=\box53
\LT@cols=\count177
\LT@rows=\count178
\c@LT@tables=\count179
\c@LT@chunks=\count180
\LT@p@ftn=\toks48
)
\glsdescwidth=\skip92
\glspagelistwidth=\skip93
) (/usr/local/texlive/2019/texmf-dist/tex/latex/glossaries/styles/glossary-super.sty
Package: glossary-super 2019/01/06 v4.42 (NLCT)
 (/usr/local/texlive/2019/texmf-dist/tex/latex/supertabular/supertabular.sty
Package: supertabular 2004/02/20 v4.1e the supertabular environment
\c@tracingst=\count181
\ST@wd=\dimen194
\ST@rightskip=\skip94
\ST@leftskip=\skip95
\ST@parfillskip=\skip96
\ST@pageleft=\dimen195
\ST@headht=\dimen196
\ST@tailht=\dimen197
\ST@pagesofar=\dimen198
\ST@pboxht=\dimen199
\ST@lineht=\dimen256
\ST@stretchht=\dimen257
\ST@prevht=\dimen258
\ST@toadd=\dimen259
\ST@dimen=\dimen260
\ST@pbox=\box54
)) (/usr/local/texlive/2019/texmf-dist/tex/latex/glossaries/styles/glossary-tree.sty
Package: glossary-tree 2019/01/06 v4.42 (NLCT)
\glstreeindent=\skip97
))
\glswrite=\write4
\glo@main@file=\write5
\openout5 = `thesis.glo'.

Package glossaries Info: Writing glossary file thesis.glo on input line 36.
\glo@acronym@file=\write6
\openout6 = `thesis.acn'.

Package glossaries Info: Writing glossary file thesis.acn on input line 36.
 (/Users/NonBee/Desktop/CW/Post/DT/dissertation/thesis.aux)
\openout1 = `thesis.aux'.

LaTeX Font Info:    Checking defaults for OML/cmm/m/it on input line 48.
LaTeX Font Info:    ... okay on input line 48.
LaTeX Font Info:    Checking defaults for T1/cmr/m/n on input line 48.
LaTeX Font Info:    ... okay on input line 48.
LaTeX Font Info:    Checking defaults for OT1/cmr/m/n on input line 48.
LaTeX Font Info:    ... okay on input line 48.
LaTeX Font Info:    Checking defaults for OMS/cmsy/m/n on input line 48.
LaTeX Font Info:    ... okay on input line 48.
LaTeX Font Info:    Checking defaults for OMX/cmex/m/n on input line 48.
LaTeX Font Info:    ... okay on input line 48.
LaTeX Font Info:    Checking defaults for U/cmr/m/n on input line 48.
LaTeX Font Info:    ... okay on input line 48.
LaTeX Font Info:    Checking defaults for PD1/pdf/m/n on input line 48.
LaTeX Font Info:    ... okay on input line 48.

*geometry* driver: auto-detecting
*geometry* detected driver: pdftex
*geometry* verbose mode - [ preamble ] result:
* driver: pdftex
* paper: <default>
* layout: <same size as paper>
* layoutoffset:(h,v)=(0.0pt,0.0pt)
* modes: 
* h-part:(L,W,R)=(71.13188pt, 472.03123pt, 71.13188pt)
* v-part:(T,H,B)=(56.9055pt, 681.15898pt, 56.9055pt)
* \paperwidth=614.295pt
* \paperheight=794.96999pt
* \textwidth=472.03123pt
* \textheight=681.15898pt
* \oddsidemargin=-1.1381pt
* \evensidemargin=-1.1381pt
* \topmargin=-52.36449pt
* \headheight=12.0pt
* \headsep=25.0pt
* \topskip=12.0pt
* \footskip=30.0pt
* \marginparwidth=44.0pt
* \marginparsep=10.0pt
* \columnsep=10.0pt
* \skip\footins=10.8pt plus 4.0pt minus 2.0pt
* \hoffset=0.0pt
* \voffset=0.0pt
* \mag=1000
* \@twocolumnfalse
* \@twosidefalse
* \@mparswitchfalse
* \@reversemarginfalse
* (1in=72.27pt=25.4mm, 1cm=28.453pt)

(/usr/local/texlive/2019/texmf-dist/tex/context/base/mkii/supp-pdf.mkii
[Loading MPS to PDF converter (version 2006.09.02).]
\scratchcounter=\count182
\scratchdimen=\dimen261
\scratchbox=\box55
\nofMPsegments=\count183
\nofMParguments=\count184
\everyMPshowfont=\toks49
\MPscratchCnt=\count185
\MPscratchDim=\dimen262
\MPnumerator=\count186
\makeMPintoPDFobject=\count187
\everyMPtoPDFconversion=\toks50
) (/usr/local/texlive/2019/texmf-dist/tex/latex/oberdiek/epstopdf-base.sty
Package: epstopdf-base 2016/05/15 v2.6 Base part for package epstopdf
 (/usr/local/texlive/2019/texmf-dist/tex/latex/oberdiek/grfext.sty
Package: grfext 2016/05/16 v1.2 Manage graphics extensions (HO)
)
Package epstopdf-base Info: Redefining graphics rule for `.eps' on input line 438.
Package grfext Info: Graphics extension search list:
(grfext)             [.pdf,.png,.jpg,.mps,.jpeg,.jbig2,.jb2,.PDF,.PNG,.JPG,.JPEG,.JBIG2,.JB2,.eps]
(grfext)             \AppendGraphicsExtensions on input line 456.
 (/usr/local/texlive/2019/texmf-dist/tex/latex/latexconfig/epstopdf-sys.cfg
File: epstopdf-sys.cfg 2010/07/13 v1.3 Configuration of (r)epstopdf for TeX Live
)) ABD: EveryShipout initializing macros
\AtBeginShipoutBox=\box56
Package hyperref Info: Link coloring ON on input line 48.
 (/usr/local/texlive/2019/texmf-dist/tex/latex/hyperref/nameref.sty
Package: nameref 2016/05/21 v2.44 Cross-referencing by name of section
 (/usr/local/texlive/2019/texmf-dist/tex/generic/oberdiek/gettitlestring.sty
Package: gettitlestring 2016/05/16 v1.5 Cleanup title references (HO)
)
\c@section@level=\count188
)
LaTeX Info: Redefining \ref on input line 48.
LaTeX Info: Redefining \pageref on input line 48.
LaTeX Info: Redefining \nameref on input line 48.
 (/Users/NonBee/Desktop/CW/Post/DT/dissertation/thesis.out) (/Users/NonBee/Desktop/CW/Post/DT/dissertation/thesis.out)
\@outlinefile=\write7
\openout7 = `thesis.out'.

<images/manchester.jpeg, id=194, 409.53pt x 173.14688pt>
File: images/manchester.jpeg Graphic file (type jpg)
<use images/manchester.jpeg>
Package pdftex.def Info: images/manchester.jpeg  used on input line 60.
(pdftex.def)             Requested size: 236.01561pt x 99.78853pt.
LaTeX Font Info:    Try loading font information for U+lasy on input line 60.
 (/usr/local/texlive/2019/texmf-dist/tex/latex/base/ulasy.fd
File: ulasy.fd 1998/08/17 v2.2e LaTeX symbol font definitions
)
LaTeX Font Info:    Try loading font information for U+msa on input line 60.
 (/usr/local/texlive/2019/texmf-dist/tex/latex/amsfonts/umsa.fd
File: umsa.fd 2013/01/14 v3.01 AMS symbols A
)
LaTeX Font Info:    Try loading font information for U+msb on input line 60.
 (/usr/local/texlive/2019/texmf-dist/tex/latex/amsfonts/umsb.fd
File: umsb.fd 2013/01/14 v3.01 AMS symbols B
)
Underfull \vbox (badness 10000) detected at line 60
 []

[1



\openout4 = `thesis.ist'.

{/usr/local/texlive/2019/texmf-var/fonts/map/pdftex/updmap/pdftex.map} </Users/NonBee/Desktop/CW/Post/DT/dissertation/images/manchester.jpeg>] (/Users/NonBee/Desktop/CW/Post/DT/dissertation/thesis.lot)
\tf@lot=\write8
\openout8 = `thesis.lot'.

 [1



] (/Users/NonBee/Desktop/CW/Post/DT/dissertation/thesis.lof)
\tf@lof=\write9
\openout9 = `thesis.lof'.

 [2


] (/Users/NonBee/Desktop/CW/Post/DT/dissertation/abstract/abstract.tex) (/Users/NonBee/Desktop/CW/Post/DT/dissertation/acknowledgements/acknowledgements.tex [3]
Underfull \hbox (badness 10000) in paragraph at lines 12--17

 []


Underfull \hbox (badness 10000) in paragraph at lines 12--17

 []


Underfull \hbox (badness 10000) in paragraph at lines 12--17

 []

) [4

] (/Users/NonBee/Desktop/CW/Post/DT/dissertation/thesis.toc [5


])
\tf@toc=\write10
\openout10 = `thesis.toc'.

 [6] (/Users/NonBee/Desktop/CW/Post/DT/dissertation/introduction/introduction.tex
Chapter 1.
pdfTeX warning (ext4): destination with the same identifier (name{page.1}) has been already used, duplicate ignored
<to be read again> 
                   \relax 
l.10 
      [1


] [2] [3]

LaTeX Warning: Reference `ch:evaluation' on page 4 undefined on input line 43.


LaTeX Warning: Reference `ch:plan' on page 4 undefined on input line 43.

) (/Users/NonBee/Desktop/CW/Post/DT/dissertation/background/background.tex [4]
Chapter 2.
<images/yahoo.png, id=375, 888.31876pt x 466.74374pt>
File: images/yahoo.png Graphic file (type png)
<use images/yahoo.png>
Package pdftex.def Info: images/yahoo.png  used on input line 11.
(pdftex.def)             Requested size: 377.62642pt x 198.40976pt.

Underfull \hbox (badness 10000) in paragraph at lines 6--16

 []


Underfull \hbox (badness 10000) in paragraph at lines 6--16

 []

[5

]
Underfull \hbox (badness 10000) in paragraph at lines 19--21

 []

[6 </Users/NonBee/Desktop/CW/Post/DT/dissertation/images/yahoo.png>]
Underfull \hbox (badness 10000) in paragraph at lines 23--26

 []


Underfull \hbox (badness 10000) in paragraph at lines 23--26

 []

[7]
Underfull \hbox (badness 10000) in paragraph at lines 30--36

 []


Underfull \hbox (badness 10000) in paragraph at lines 30--36

 []


Underfull \hbox (badness 10000) in paragraph at lines 30--36

 []


Underfull \hbox (badness 10000) in paragraph at lines 30--36

 []

[8] [9] [10] [11] [12]) [13] (/Users/NonBee/Desktop/CW/Post/DT/dissertation/body/body.tex (/Users/NonBee/Desktop/CW/Post/DT/dissertation/body/design.tex [14]
Chapter 3.
[15

] [16] [17]) (/Users/NonBee/Desktop/CW/Post/DT/dissertation/body/data.tex [18]
Chapter 4.
<images/sample1.png, id=549, 433.62pt x 289.08pt>
File: images/sample1.png Graphic file (type png)
<use images/sample1.png>
Package pdftex.def Info: images/sample1.png  used on input line 10.
(pdftex.def)             Requested size: 188.8096pt x 125.87228pt.
<images/kline1.png, id=550, 433.62pt x 289.08pt>
File: images/kline1.png Graphic file (type png)
<use images/kline1.png>
Package pdftex.def Info: images/kline1.png  used on input line 13.
(pdftex.def)             Requested size: 188.8096pt x 125.87228pt.
[19

]
<images/DWT.png, id=573, 852.0633pt x 80.2197pt>
File: images/DWT.png Graphic file (type png)
<use images/DWT.png>
Package pdftex.def Info: images/DWT.png  used on input line 28.
(pdftex.def)             Requested size: 361.34999pt x 34.0213pt.

Underfull \hbox (badness 10000) in paragraph at lines 23--32

 []


Underfull \hbox (badness 10000) in paragraph at lines 23--32

 []

[20 </Users/NonBee/Desktop/CW/Post/DT/dissertation/images/sample1.png> </Users/NonBee/Desktop/CW/Post/DT/dissertation/images/kline1.png>] [21]
<images/undenoised.png, id=590, 867.24pt x 361.35pt>
File: images/undenoised.png Graphic file (type png)
<use images/undenoised.png>
Package pdftex.def Info: images/undenoised.png  used on input line 36.
(pdftex.def)             Requested size: 212.41261pt x 88.50119pt.
<images/denoised.png, id=591, 867.24pt x 361.35pt>
File: images/denoised.png Graphic file (type png)
<use images/denoised.png>
Package pdftex.def Info: images/denoised.png  used on input line 40.
(pdftex.def)             Requested size: 212.41261pt x 88.50119pt.
<images/undenoised_dtw.png, id=592, 867.24pt x 361.35pt>
File: images/undenoised_dtw.png Graphic file (type png)
<use images/undenoised_dtw.png>
Package pdftex.def Info: images/undenoised_dtw.png  used on input line 43.
(pdftex.def)             Requested size: 212.41261pt x 88.50119pt.
<images/denoised_dtw.png, id=593, 867.24pt x 361.35pt>
File: images/denoised_dtw.png Graphic file (type png)
<use images/denoised_dtw.png>
Package pdftex.def Info: images/denoised_dtw.png  used on input line 46.
(pdftex.def)             Requested size: 212.41261pt x 88.50119pt.

Underfull \hbox (badness 10000) in paragraph at lines 68--70

 []

[22 </Users/NonBee/Desktop/CW/Post/DT/dissertation/images/DWT.png> </Users/NonBee/Desktop/CW/Post/DT/dissertation/images/undenoised.png> </Users/NonBee/Desktop/CW/Post/DT/dissertation/images/denoised.png> </Users/NonBee/Desktop/CW/Post/DT/dissertation/images/undenoised_dtw.png> </Users/NonBee/Desktop/CW/Post/DT/dissertation/images/denoised_dtw.png>] [23]
<images/minmax.png, id=618, 433.62pt x 289.08pt>
File: images/minmax.png Graphic file (type png)
<use images/minmax.png>
Package pdftex.def Info: images/minmax.png  used on input line 85.
(pdftex.def)             Requested size: 141.61081pt x 94.40862pt.
<images/zmeans.png, id=619, 433.62pt x 289.08pt>
File: images/zmeans.png Graphic file (type png)
<use images/zmeans.png>
Package pdftex.def Info: images/zmeans.png  used on input line 88.
(pdftex.def)             Requested size: 141.61081pt x 94.40862pt.
<images/minzero.png, id=620, 433.62pt x 289.08pt>
File: images/minzero.png Graphic file (type png)
<use images/minzero.png>
Package pdftex.def Info: images/minzero.png  used on input line 91.
(pdftex.def)             Requested size: 141.61081pt x 94.40862pt.
<images/scaling1.png, id=621, 433.62pt x 289.08pt>
File: images/scaling1.png Graphic file (type png)
<use images/scaling1.png>
Package pdftex.def Info: images/scaling1.png  used on input line 99.
(pdftex.def)             Requested size: 141.61081pt x 94.40862pt.
<images/scaling2.png, id=622, 433.62pt x 289.08pt>
File: images/scaling2.png Graphic file (type png)
<use images/scaling2.png>
Package pdftex.def Info: images/scaling2.png  used on input line 102.
(pdftex.def)             Requested size: 141.61081pt x 94.40862pt.
<images/scaling3.png, id=623, 433.62pt x 289.08pt>
File: images/scaling3.png Graphic file (type png)
<use images/scaling3.png>
Package pdftex.def Info: images/scaling3.png  used on input line 105.
(pdftex.def)             Requested size: 141.61081pt x 94.40862pt.
<images/minmax2.png, id=624, 433.62pt x 289.08pt>
File: images/minmax2.png Graphic file (type png)
<use images/minmax2.png>
Package pdftex.def Info: images/minmax2.png  used on input line 108.
(pdftex.def)             Requested size: 141.61081pt x 94.40862pt.
<images/zeor2.png, id=625, 433.62pt x 289.08pt>
File: images/zeor2.png Graphic file (type png)
<use images/zeor2.png>
Package pdftex.def Info: images/zeor2.png  used on input line 111.
(pdftex.def)             Requested size: 141.61081pt x 94.40862pt.
) (/Users/NonBee/Desktop/CW/Post/DT/dissertation/body/representation.tex [24 </Users/NonBee/Desktop/CW/Post/DT/dissertation/images/minmax.png> </Users/NonBee/Desktop/CW/Post/DT/dissertation/images/zmeans.png> </Users/NonBee/Desktop/CW/Post/DT/dissertation/images/minzero.png>] [25 </Users/NonBee/Desktop/CW/Post/DT/dissertation/images/scaling1.png> </Users/NonBee/Desktop/CW/Post/DT/dissertation/images/scaling2.png> </Users/NonBee/Desktop/CW/Post/DT/dissertation/images/scaling3.png> </Users/NonBee/Desktop/CW/Post/DT/dissertation/images/minmax2.png> </Users/NonBee/Desktop/CW/Post/DT/dissertation/images/zeor2.png>]
Chapter 5.
<images/representation1.png, id=653, 497.57895pt x 302.8113pt>
File: images/representation1.png Graphic file (type png)
<use images/representation1.png>
Package pdftex.def Info: images/representation1.png  used on input line 7.
(pdftex.def)             Requested size: 236.01561pt x 143.63354pt.

Underfull \hbox (badness 10000) in paragraph at lines 3--11

 []


Underfull \hbox (badness 10000) in paragraph at lines 15--17

 []

[26

] [27 </Users/NonBee/Desktop/CW/Post/DT/dissertation/images/representation1.png>]
<images/nycbelp1.png, id=665, 722.7pt x 361.35pt>
File: images/nycbelp1.png Graphic file (type png)
<use images/nycbelp1.png>
Package pdftex.def Info: images/nycbelp1.png  used on input line 34.
(pdftex.def)             Requested size: 188.8096pt x 94.40091pt.
<images/nycbelp2.png, id=666, 722.7pt x 361.35pt>
File: images/nycbelp2.png Graphic file (type png)
<use images/nycbelp2.png>
Package pdftex.def Info: images/nycbelp2.png  used on input line 37.
(pdftex.def)             Requested size: 188.8096pt x 94.40091pt.
<images/sax1.png, id=672, 722.7pt x 361.35pt>
File: images/sax1.png Graphic file (type png)
<use images/sax1.png>
Package pdftex.def Info: images/sax1.png  used on input line 47.
(pdftex.def)             Requested size: 283.22162pt x 141.60963pt.

Underfull \hbox (badness 10000) in paragraph at lines 43--52

 []

[28 </Users/NonBee/Desktop/CW/Post/DT/dissertation/images/nycbelp1.png> </Users/NonBee/Desktop/CW/Post/DT/dissertation/images/nycbelp2.png>] [29 </Users/NonBee/Desktop/CW/Post/DT/dissertation/images/sax1.png>]
<images/ibawpz.png, id=695, 722.7pt x 361.35pt>
File: images/ibawpz.png Graphic file (type png)
<use images/ibawpz.png>
Package pdftex.def Info: images/ibawpz.png  used on input line 64.
(pdftex.def)             Requested size: 188.8096pt x 94.40091pt.
<images/bop1.png, id=696, 722.7pt x 361.35pt>
File: images/bop1.png Graphic file (type png)
<use images/bop1.png>
Package pdftex.def Info: images/bop1.png  used on input line 67.
(pdftex.def)             Requested size: 188.8096pt x 94.40091pt.
 [30pdfTeX warning (ext4): destination with the same identifier (name{equation.5.1.5}) has been already used, duplicate ignored

\@EveryShipout@Output ...@Org@Shipout \box \@cclv 
                                                  
l.74 \begin{equation}
                      </Users/NonBee/Desktop/CW/Post/DT/dissertation/images/ibawpz.png> </Users/NonBee/Desktop/CW/Post/DT/dissertation/images/bop1.png>]pdfTeX warning (ext4): destination with the same identifier (name{equation.5.1.5}) has been already used, duplicate ignored
<to be read again> 
                   \relax 
l.74 \begin{equation}
                     pdfTeX warning (ext4): destination with the same identifier (name{equation.5.1.5}) has been already used, duplicate ignored
<to be read again> 
                   \relax 
l.74 \begin{equation}
                     pdfTeX warning (ext4): destination with the same identifier (name{equation.5.1.5}) has been already used, duplicate ignored
<to be read again> 
                   \relax 
l.74 \begin{equation}
                     pdfTeX warning (ext4): destination with the same identifier (name{equation.5.1.5}) has been already used, duplicate ignored
<to be read again> 
                   \relax 
l.74 \begin{equation}
                      [31]
Underfull \hbox (badness 10000) in paragraph at lines 114--117

 []

[32]
<images/wwwexr1.png, id=727, 722.7pt x 361.35pt>
File: images/wwwexr1.png Graphic file (type png)
<use images/wwwexr1.png>
Package pdftex.def Info: images/wwwexr1.png  used on input line 139.
(pdftex.def)             Requested size: 188.8096pt x 94.40091pt.
<images/wwwexr2.png, id=728, 722.7pt x 361.35pt>
File: images/wwwexr2.png Graphic file (type png)
<use images/wwwexr2.png>
Package pdftex.def Info: images/wwwexr2.png  used on input line 142.
(pdftex.def)             Requested size: 188.8096pt x 94.40091pt.
 [33 </Users/NonBee/Desktop/CW/Post/DT/dissertation/images/wwwexr1.png> </Users/NonBee/Desktop/CW/Post/DT/dissertation/images/wwwexr2.png>]
<images/kernels1.png, id=747, 722.7pt x 361.35pt>
File: images/kernels1.png Graphic file (type png)
<use images/kernels1.png>
Package pdftex.def Info: images/kernels1.png  used on input line 156.
(pdftex.def)             Requested size: 283.22162pt x 141.60963pt.

Underfull \hbox (badness 10000) in paragraph at lines 151--161

 []


Underfull \hbox (badness 10000) in paragraph at lines 151--161

 []

[34]
<images/ncsgrvy1.png, id=756, 722.7pt x 361.35pt>
File: images/ncsgrvy1.png Graphic file (type png)
<use images/ncsgrvy1.png>
Package pdftex.def Info: images/ncsgrvy1.png  used on input line 169.
(pdftex.def)             Requested size: 188.8096pt x 94.40091pt.
<images/ncsgrvy2.png, id=757, 722.7pt x 361.35pt>
File: images/ncsgrvy2.png Graphic file (type png)
<use images/ncsgrvy2.png>
Package pdftex.def Info: images/ncsgrvy2.png  used on input line 172.
(pdftex.def)             Requested size: 188.8096pt x 94.40091pt.
 [35 </Users/NonBee/Desktop/CW/Post/DT/dissertation/images/kernels1.png>]
Underfull \hbox (badness 10000) in paragraph at lines 178--180

 []

[36 </Users/NonBee/Desktop/CW/Post/DT/dissertation/images/ncsgrvy1.png> </Users/NonBee/Desktop/CW/Post/DT/dissertation/images/ncsgrvy2.png>]
<images/gpkwti1.png, id=782, 722.7pt x 361.35pt>
File: images/gpkwti1.png Graphic file (type png)
<use images/gpkwti1.png>
Package pdftex.def Info: images/gpkwti1.png  used on input line 191.
(pdftex.def)             Requested size: 188.8096pt x 94.40091pt.
<images/gpkwti2.png, id=783, 722.7pt x 361.35pt>
File: images/gpkwti2.png Graphic file (type png)
<use images/gpkwti2.png>
Package pdftex.def Info: images/gpkwti2.png  used on input line 194.
(pdftex.def)             Requested size: 188.8096pt x 94.40091pt.

Underfull \hbox (badness 10000) in paragraph at lines 202--204

 []

[37] [38 </Users/NonBee/Desktop/CW/Post/DT/dissertation/images/gpkwti1.png> </Users/NonBee/Desktop/CW/Post/DT/dissertation/images/gpkwti2.png>]
Underfull \hbox (badness 10000) in paragraph at lines 220--223

 []

[39]
<images/iba2.png, id=819, 433.62pt x 289.08pt>
File: images/iba2.png Graphic file (type png)
<use images/iba2.png>
Package pdftex.def Info: images/iba2.png  used on input line 232.
(pdftex.def)             Requested size: 212.41261pt x 141.61073pt.
<images/pippaacompare1.png, id=820, 433.62pt x 289.08pt>
File: images/pippaacompare1.png Graphic file (type png)
<use images/pippaacompare1.png>
Package pdftex.def Info: images/pippaacompare1.png  used on input line 235.
(pdftex.def)             Requested size: 212.41261pt x 141.61073pt.
<images/linear_sampling.png, id=821, 433.62pt x 289.08pt>
File: images/linear_sampling.png Graphic file (type png)
<use images/linear_sampling.png>
Package pdftex.def Info: images/linear_sampling.png  used on input line 238.
(pdftex.def)             Requested size: 141.61081pt x 94.40862pt.
<images/pip_iba_50.png, id=822, 433.62pt x 289.08pt>
File: images/pip_iba_50.png Graphic file (type png)
<use images/pip_iba_50.png>
Package pdftex.def Info: images/pip_iba_50.png  used on input line 241.
(pdftex.def)             Requested size: 141.61081pt x 94.40862pt.
<images/ppa_50.png, id=823, 433.62pt x 289.08pt>
File: images/ppa_50.png Graphic file (type png)
<use images/ppa_50.png>
Package pdftex.def Info: images/ppa_50.png  used on input line 244.
(pdftex.def)             Requested size: 141.61081pt x 94.40862pt.
) (/Users/NonBee/Desktop/CW/Post/DT/dissertation/body/model.tex
Underfull \hbox (badness 10000) in paragraph at lines 248--1

 []

[40 </Users/NonBee/Desktop/CW/Post/DT/dissertation/images/iba2.png> </Users/NonBee/Desktop/CW/Post/DT/dissertation/images/pippaacompare1.png> </Users/NonBee/Desktop/CW/Post/DT/dissertation/images/linear_sampling.png> </Users/NonBee/Desktop/CW/Post/DT/dissertation/images/pip_iba_50.png> </Users/NonBee/Desktop/CW/Post/DT/dissertation/images/ppa_50.png>] [41] [42]
Chapter 6.
) (/Users/NonBee/Desktop/CW/Post/DT/dissertation/body/experiment.tex [43

]
Chapter 7.
LaTeX Font Info:    Try loading font information for OMS+cmr on input line 13.
(/usr/local/texlive/2019/texmf-dist/tex/latex/base/omscmr.fd
File: omscmr.fd 2014/09/29 v2.5h Standard LaTeX font definitions
)
LaTeX Font Info:    Font shape `OMS/cmr/m/n' in size <12> not available
(Font)              Font shape `OMS/cmsy/m/n' tried instead on input line 13.
 [44

] [45]
<images/barycenter.png, id=885, 433.62pt x 289.08pt>
File: images/barycenter.png Graphic file (type png)
<use images/barycenter.png>
Package pdftex.def Info: images/barycenter.png  used on input line 51.
(pdftex.def)             Requested size: 283.22162pt x 188.82166pt.
 [46]
<images/pippaac.png, id=893, 578.16pt x 578.16pt>
File: images/pippaac.png Graphic file (type png)
<use images/pippaac.png>
Package pdftex.def Info: images/pippaac.png  used on input line 64.
(pdftex.def)             Requested size: 141.61081pt x 141.61073pt.
<images/pippaac2012.png, id=894, 578.16pt x 578.16pt>
File: images/pippaac2012.png Graphic file (type png)
<use images/pippaac2012.png>
Package pdftex.def Info: images/pippaac2012.png  used on input line 67.
(pdftex.def)             Requested size: 141.61081pt x 141.61073pt.
<images/pippaac2013.png, id=895, 578.16pt x 578.16pt>
File: images/pippaac2013.png Graphic file (type png)
<use images/pippaac2013.png>
Package pdftex.def Info: images/pippaac2013.png  used on input line 70.
(pdftex.def)             Requested size: 141.61081pt x 141.61073pt.
<images/pippaac2014.png, id=896, 578.16pt x 578.16pt>
File: images/pippaac2014.png Graphic file (type png)
<use images/pippaac2014.png>
Package pdftex.def Info: images/pippaac2014.png  used on input line 73.
(pdftex.def)             Requested size: 141.61081pt x 141.61073pt.
<images/pippaac2015.png, id=897, 578.16pt x 578.16pt>
File: images/pippaac2015.png Graphic file (type png)
<use images/pippaac2015.png>
Package pdftex.def Info: images/pippaac2015.png  used on input line 76.
(pdftex.def)             Requested size: 141.61081pt x 141.61073pt.
<images/KshapeRaw1.png, id=898, 216.81pt x 144.54pt>
File: images/KshapeRaw1.png Graphic file (type png)
<use images/KshapeRaw1.png>
Package pdftex.def Info: images/KshapeRaw1.png  used on input line 84.
(pdftex.def)             Requested size: 188.8096pt x 125.87889pt.
<images/KshapePIP1.png, id=899, 216.81pt x 144.54pt>
File: images/KshapePIP1.png Graphic file (type png)
<use images/KshapePIP1.png>
Package pdftex.def Info: images/KshapePIP1.png  used on input line 87.
(pdftex.def)             Requested size: 188.8096pt x 125.87889pt.
<images/KshapePAA1.png, id=900, 216.81pt x 144.54pt>
File: images/KshapePAA1.png Graphic file (type png)
<use images/KshapePAA1.png>
Package pdftex.def Info: images/KshapePAA1.png  used on input line 90.
(pdftex.def)             Requested size: 188.8096pt x 125.87889pt.
<images/KShapedown1.png, id=901, 216.81pt x 144.54pt>
File: images/KShapedown1.png Graphic file (type png)
<use images/KShapedown1.png>
Package pdftex.def Info: images/KShapedown1.png  used on input line 93.
(pdftex.def)             Requested size: 188.8096pt x 125.87889pt.
))
Underfull \hbox (badness 10000) in paragraph at lines 58--78

 []

[47 </Users/NonBee/Desktop/CW/Post/DT/dissertation/images/barycenter.png>] (/Users/NonBee/Desktop/CW/Post/DT/dissertation/thesis.bbl [48] [49 </Users/NonBee/Desktop/CW/Post/DT/dissertation/images/pippaac.png> </Users/NonBee/Desktop/CW/Post/DT/dissertation/images/pippaac2012.png> </Users/NonBee/Desktop/CW/Post/DT/dissertation/images/pippaac2013.png> </Users/NonBee/Desktop/CW/Post/DT/dissertation/images/pippaac2014.png> </Users/NonBee/Desktop/CW/Post/DT/dissertation/images/pippaac2015.png>] [50 </Users/NonBee/Desktop/CW/Post/DT/dissertation/images/KshapeRaw1.png> </Users/NonBee/Desktop/CW/Post/DT/dissertation/images/KshapePIP1.png> </Users/NonBee/Desktop/CW/Post/DT/dissertation/images/KshapePAA1.png> </Users/NonBee/Desktop/CW/Post/DT/dissertation/images/KShapedown1.png>] [51

] [52] [53] [54] [55] [56])

Package glossaries Warning: No \printglossary or \printglossaries found. 
(Remove \makeglossaries if you don't want any glossaries.) 
This document will not have a glossary.

[57]
Package atveryend Info: Empty hook `BeforeClearDocument' on input line 84.
Package atveryend Info: Empty hook `AfterLastShipout' on input line 84.
 (/Users/NonBee/Desktop/CW/Post/DT/dissertation/thesis.aux)
Package atveryend Info: Executing hook `AtVeryEndDocument' on input line 84.
Package atveryend Info: Executing hook `AtEndAfterFileList' on input line 84.
Package rerunfilecheck Info: File `thesis.out' has not changed.
(rerunfilecheck)             Checksum: 9ABEE494BE8AEB7D9EAAF34F71CDDF06;3365.


LaTeX Warning: There were undefined references.

Package atveryend Info: Empty hook `AtVeryVeryEnd' on input line 84.
 ) 
Here is how much of TeX's memory you used:
 24387 strings out of 492616
 447874 string characters out of 6129480
 579237 words of memory out of 5000000
 27425 multiletter control sequences out of 15000+600000
 12633 words of font info for 48 fonts, out of 8000000 for 9000
 1141 hyphenation exceptions out of 8191
 55i,10n,65p,2551b,472s stack positions out of 5000i,500n,10000p,200000b,80000s
pdfTeX warning (dest): name{https://www.kaggle.com/borismarjanovic/price-volume-data-for-all-us-stocks-etfs} has been referenced but does not exist, replaced by a fixed one

</usr/local/texlive/2019/texmf-dist/fonts/type1/public/amsfonts/cm/cmbx12.pfb></usr/local/texlive/2019/texmf-dist/fonts/type1/public/amsfonts/cm/cmcsc10.pfb></usr/local/texlive/2019/texmf-dist/fonts/type1/public/amsfonts/cm/cmex10.pfb></usr/local/texlive/2019/texmf-dist/fonts/type1/public/amsfonts/cm/cmmi12.pfb></usr/local/texlive/2019/texmf-dist/fonts/type1/public/amsfonts/cm/cmmi6.pfb></usr/local/texlive/2019/texmf-dist/fonts/type1/public/amsfonts/cm/cmmi8.pfb></usr/local/texlive/2019/texmf-dist/fonts/type1/public/amsfonts/cm/cmr10.pfb></usr/local/texlive/2019/texmf-dist/fonts/type1/public/amsfonts/cm/cmr12.pfb></usr/local/texlive/2019/texmf-dist/fonts/type1/public/amsfonts/cm/cmr6.pfb></usr/local/texlive/2019/texmf-dist/fonts/type1/public/amsfonts/cm/cmr8.pfb></usr/local/texlive/2019/texmf-dist/fonts/type1/public/amsfonts/cm/cmsl12.pfb></usr/local/texlive/2019/texmf-dist/fonts/type1/public/amsfonts/cm/cmsy10.pfb></usr/local/texlive/2019/texmf-dist/fonts/type1/public/amsfonts/cm/cmsy6.pfb></usr/local/texlive/2019/texmf-dist/fonts/type1/public/amsfonts/cm/cmsy8.pfb></usr/local/texlive/2019/texmf-dist/fonts/type1/public/amsfonts/cm/cmti12.pfb></usr/local/texlive/2019/texmf-dist/fonts/type1/public/amsfonts/symbols/msbm10.pfb>
Output written on /Users/NonBee/Desktop/CW/Post/DT/dissertation/thesis.pdf (64 pages, 4303179 bytes).
PDF statistics:
 1091 PDF objects out of 1200 (max. 8388607)
 912 compressed objects within 10 object streams
 297 named destinations out of 1000 (max. 500000)
 614 words of extra memory for PDF output out of 10000 (max. 10000000)

